<?xml version="1.0" encoding="UTF-8" ?>
<testsuite tests="1" failures="0" name="com.yxy.dao.impl.StoreDaoImplTest" time="0" errors="0" skipped="0">
  <properties>
    <property name="idea.version" value="2021.2"/>
    <property name="java.runtime.name" value="Java(TM) SE Runtime Environment"/>
    <property name="sun.boot.library.path" value="D:\Programming\Java\1.8\jdk1.8.0_271\jre\bin"/>
    <property name="java.vm.version" value="25.271-b09"/>
    <property name="java.vm.vendor" value="Oracle Corporation"/>
    <property name="maven.multiModuleProjectDirectory" value="D:\y&apos;x&apos;y\Spring\petshop"/>
    <property name="java.vendor.url" value="http://java.oracle.com/"/>
    <property name="path.separator" value=";"/>
    <property name="guice.disable.misplaced.annotation.check" value="true"/>
    <property name="java.vm.name" value="Java HotSpot(TM) 64-Bit Server VM"/>
    <property name="file.encoding.pkg" value="sun.io"/>
    <property name="user.script" value=""/>
    <property name="user.country" value="CN"/>
    <property name="sun.java.launcher" value="SUN_STANDARD"/>
    <property name="sun.os.patch.level" value=""/>
    <property name="java.vm.specification.name" value="Java Virtual Machine Specification"/>
    <property name="user.dir" value="D:\y&apos;x&apos;y\Spring\petshop"/>
    <property name="java.runtime.version" value="1.8.0_271-b09"/>
    <property name="java.awt.graphicsenv" value="sun.awt.Win32GraphicsEnvironment"/>
    <property name="java.endorsed.dirs" value="D:\Programming\Java\1.8\jdk1.8.0_271\jre\lib\endorsed"/>
    <property name="os.arch" value="amd64"/>
    <property name="java.io.tmpdir" value="C:\Users\y&apos;x&apos;y\AppData\Local\Temp\"/>
    <property name="line.separator" value="
"/>
    <property name="java.vm.specification.vendor" value="Oracle Corporation"/>
    <property name="user.variant" value=""/>
    <property name="os.name" value="Windows 10"/>
    <property name="maven.ext.class.path" value="D:\Programming\IntelliJ IDEA 2021.2\plugins\maven\lib\maven-event-listener.jar"/>
    <property name="classworlds.conf" value="D:\Programming\apache-maven-3.6.3\bin\m2.conf"/>
    <property name="sun.jnu.encoding" value="GBK"/>
    <property name="java.library.path" value="D:\Programming\Java\1.8\jdk1.8.0_271\bin;C:\Windows\Sun\Java\bin;C:\Windows\system32;C:\Windows;D:\Programming\MySQL\MySQL Server 8.0\bin;C:\Program Files (x86)\Razer Chroma SDK\bin;C:\Program Files\Razer Chroma SDK\bin;C:\Program Files (x86)\Razer\ChromaBroadcast\bin;C:\Program Files\Razer\ChromaBroadcast\bin;C:\Windows\system32;C:\Windows;C:\Windows\System32\Wbem;C:\Windows\System32\WindowsPowerShell\v1.0\;C:\Windows\System32\OpenSSH\;C:\Program Files (x86)\NVIDIA Corporation\PhysX\Common;C:\Program Files\NVIDIA Corporation\NVIDIA NvDLISR;C:\Program Files (x86)\EasyShare\x86\;C:\Program Files (x86)\EasyShare\x64\;C:\Program Files\Java\jdk1.8.0_271\bin;C:\Windows\system32\config\systemprofile\AppData\Local\Microsoft\WindowsApps;C:\Users\y&apos;x&apos;y\AppData\Local\Microsoft\WindowsApps;D:\PyCharm 2019.3.3\bin;C:\Program Files\Microsoft SQL Server\130\Tools\Binn\;D:\apache-tomcat-9.0.58\bin;D:\apache-tomcat-9.0.58\bin;D:\Programming\apache-maven-3.6.3\bin;D:\Programming\Java\1.8\jdk1.8.0_271\bin;C:\Program Files\Java\1.8\jre1.8.0_271\bin;D:\Programming\Git\cmd;C:\Users\y&apos;x&apos;y\AppData\Local\Programs\Python\Python37\Scripts\;C:\Users\y&apos;x&apos;y\AppData\Local\Programs\Python\Python37\;C:\Program Files\Python\Scripts\;C:\Program Files\Python\;C:\Program Files\Python\Python310\Scripts;C:\Program Files\Python\Python310;C:\Users\y&apos;x&apos;y\AppData\Local\Microsoft\WindowsApps;D:\PyCharm 2021.1.1\bin;;D:\python;D:\python\Scripts;D:\IntelliJ IDEA 2021.3.1\bin;;;D:\Programming\Microsoft VS Code\bin;."/>
    <property name="maven.conf" value="D:\Programming\apache-maven-3.6.3/conf"/>
    <property name="java.specification.name" value="Java Platform API Specification"/>
    <property name="java.class.version" value="52.0"/>
    <property name="sun.management.compiler" value="HotSpot 64-Bit Tiered Compilers"/>
    <property name="maven.repo.local" value="D:\Programming\maven-repo"/>
    <property name="os.version" value="10.0"/>
    <property name="user.home" value="C:\Users\y&apos;x&apos;y"/>
    <property name="user.timezone" value="Asia/Shanghai"/>
    <property name="java.awt.printerjob" value="sun.awt.windows.WPrinterJob"/>
    <property name="java.specification.version" value="1.8"/>
    <property name="file.encoding" value="UTF-8"/>
    <property name="user.name" value="y&apos;x&apos;y"/>
    <property name="java.class.path" value="D:\Programming\apache-maven-3.6.3\boot\plexus-classworlds-2.6.0.jar;D:\Programming\apache-maven-3.6.3\boot\plexus-classworlds.license;D:\Programming\IntelliJ IDEA 2021.2\lib\idea_rt.jar"/>
    <property name="java.vm.specification.version" value="1.8"/>
    <property name="sun.arch.data.model" value="64"/>
    <property name="java.home" value="D:\Programming\Java\1.8\jdk1.8.0_271\jre"/>
    <property name="sun.java.command" value="org.codehaus.classworlds.Launcher -Didea.version=2021.2 -s D:\Programming\apache-maven-3.6.3\conf\settings.xml -Dmaven.repo.local=D:\Programming\maven-repo tomcat8:run-war"/>
    <property name="java.specification.vendor" value="Oracle Corporation"/>
    <property name="user.language" value="zh"/>
    <property name="awt.toolkit" value="sun.awt.windows.WToolkit"/>
    <property name="java.vm.info" value="mixed mode"/>
    <property name="java.version" value="1.8.0_271"/>
    <property name="java.ext.dirs" value="D:\Programming\Java\1.8\jdk1.8.0_271\jre\lib\ext;C:\Windows\Sun\Java\lib\ext"/>
    <property name="sun.boot.class.path" value="D:\Programming\Java\1.8\jdk1.8.0_271\jre\lib\resources.jar;D:\Programming\Java\1.8\jdk1.8.0_271\jre\lib\rt.jar;D:\Programming\Java\1.8\jdk1.8.0_271\jre\lib\sunrsasign.jar;D:\Programming\Java\1.8\jdk1.8.0_271\jre\lib\jsse.jar;D:\Programming\Java\1.8\jdk1.8.0_271\jre\lib\jce.jar;D:\Programming\Java\1.8\jdk1.8.0_271\jre\lib\charsets.jar;D:\Programming\Java\1.8\jdk1.8.0_271\jre\lib\jfr.jar;D:\Programming\Java\1.8\jdk1.8.0_271\jre\classes"/>
    <property name="java.vendor" value="Oracle Corporation"/>
    <property name="maven.home" value="D:\Programming\apache-maven-3.6.3"/>
    <property name="file.separator" value="\"/>
    <property name="java.vendor.url.bug" value="http://bugreport.sun.com/bugreport/"/>
    <property name="sun.cpu.endian" value="little"/>
    <property name="sun.io.unicode.encoding" value="UnicodeLittle"/>
    <property name="sun.desktop" value="windows"/>
    <property name="sun.cpu.isalist" value="amd64"/>
  </properties>
  <testcase classname="com.yxy.dao.impl.StoreDaoImplTest" name="login" time="0"/>
</testsuite>